Base path: C:/Program Files (x86)/Unity/Editor/Data
Pipe name: \\.\pipe\UnityShaderCompiler-1-5816
Cmd: getPlatforms
Cmd: preprocess
  insize=520 outsize=929 ok=1
Cmd: compileSnippet
  api=4 type=0 insize=4326 outsize=2607 kw=DIRECTIONAL LIGHTMAP_OFF DIRLIGHTMAP_OFF ok=1
Cmd: compileSnippet
  api=4 type=1 insize=4326 outsize=1250 kw=DIRECTIONAL LIGHTMAP_OFF DIRLIGHTMAP_OFF ok=1
Cmd: compileSnippet
  api=4 type=0 insize=2284 outsize=2875 kw=POINT ok=1
Cmd: compileSnippet
  api=4 type=1 insize=2284 outsize=1550 kw=POINT ok=1
Cmd: preprocess
  insize=473 outsize=1223 ok=1
Cmd: compileSnippet
  api=4 type=0 insize=4280 outsize=2607 kw=DIRECTIONAL SHADOWS_OFF LIGHTMAP_OFF DIRLIGHTMAP_OFF ok=1
Cmd: compileSnippet
  api=4 type=1 insize=4280 outsize=1242 kw=DIRECTIONAL SHADOWS_OFF LIGHTMAP_OFF DIRLIGHTMAP_OFF ok=1
Cmd: compileSnippet
  api=4 type=0 insize=2256 outsize=2875 kw=POINT ok=1
Cmd: compileSnippet
  api=4 type=1 insize=2256 outsize=1542 kw=POINT ok=1
Cmd: compileSnippet
  api=4 type=0 insize=1784 outsize=1477 kw= ok=1
Cmd: compileSnippet
  api=4 type=1 insize=1784 outsize=632 kw= ok=1
Cmd: compileSnippet
  api=4 type=0 insize=3997 outsize=2883 kw=LIGHTMAP_OFF DIRLIGHTMAP_OFF HDR_LIGHT_PREPASS_OFF ok=1
Cmd: compileSnippet
  api=4 type=1 insize=3997 outsize=1152 kw=LIGHTMAP_OFF DIRLIGHTMAP_OFF HDR_LIGHT_PREPASS_OFF ok=1
Cmd: compileSnippet
  api=4 type=0 insize=2284 outsize=1851 kw=DIRECTIONAL ok=1
Cmd: compileSnippet
  api=4 type=1 insize=2284 outsize=1136 kw=DIRECTIONAL ok=1
Cmd: preprocess
  insize=683 outsize=683 ok=1
Cmd: preprocess
  insize=838 outsize=838 ok=1
Cmd: preprocess
  insize=2390 outsize=838 ok=1
Cmd: compileSnippet
  api=4 type=0 insize=1131 outsize=1493 kw= ok=1
Cmd: compileSnippet
  api=4 type=1 insize=1131 outsize=754 kw= ok=1
Cmd: compileSnippet
  api=4 type=0 insize=1028 outsize=1469 kw= ok=1
Cmd: compileSnippet
  api=4 type=1 insize=1028 outsize=754 kw= ok=1
Cmd: preprocess
  insize=763 outsize=763 ok=1
